=== PCL2 Update Fri May 22 06:00:01 CST 2026 ===
❌ 请先设置环境变量 CURSEFORGE_API_KEY
   从 CurseForge 开发者后台 https://console.curseforge.com/ 获取
   然后运行: export CURSEFORGE_API_KEY=你的key
Starting scrape for 96 modpacks...

[1/96] RLCraft Dregora... ❌ 无视频
[2/96] 龙之冒险... ❌ 无视频
[3/96] More Biomes... ❌ 无视频
[4/96] AnimateCraft: Lankeren... ❌ 无视频
[5/96] Ice and Fire... ❌ 无视频
[6/96] BMC4... ❌ 无视频
[7/96] SatisfyingMC... ❌ 无视频
[8/96] FTB Skies... ❌ 无视频
[9/96] Stoneblock 2... ❌ 无视频
[10/96] 凡人修仙传... ❌ 无视频
[11/96] 惊变100天... ❌ 无视频
[12/96] 远梦之棺... ❌ 无视频
[13/96] Infinity 无限整合包... ❌ 无视频
[14/96] 重生之夜... ❌ 无视频
[15/96] Prehistoric World... ❌ 无视频
[16/96] SevTech: Ages... ❌ 无视频
[17/96] Project Ozone 3... ❌ 无视频
[18/96] All The Mods 10... ❌ 无视频
[19/96] 养老 整合包 推荐... ❌ 无视频
[20/96] Cisco's Fantasy... ❌ 无视频
[21/96] 惊变100天 加强版... ❌ 无视频
[22/96] Omnifactory... ❌ 无视频
[23/96] ATM9... ❌ 无视频
[24/96] 生命的准则... ❌ 无视频
[25/96] SkyFactory 4... ❌ 无视频
[26/96] 落幕曲... ❌ 无视频
[27/96] Pixelmon... ❌ 无视频
[28/96] 冒险与地牢2... ❌ 无视频
[29/96] Enigmatica 9... ❌ 无视频
[30/96] Dungeons Dragons and Space Shuttles... ❌ 无视频
[31/96] Rebirth of the Night... ❌ 无视频
[32/96] Integrated Minecraft... ❌ 无视频
[33/96] 奥德赛 逆转愿景... ❌ 无视频
[34/96] Fantasy Realm... ❌ 无视频
[35/96] 格雷科技新视野... ❌ 无视频
[36/96] 永恒的MC2... ❌ 无视频
[37/96] 森罗万藏... ❌ 无视频
[38/96] GreedyCraft... ❌ 无视频
[39/96] Sneak's RPG Mod Pack... ❌ 无视频
[40/96] 贪婪整合包3... ❌ 无视频
[41/96] 你好，新蒸程... ❌ 无视频
[42/96] 咒次元... ❌ 无视频
[43/96] Crucial 2... ❌ 无视频
[44/96] ATM8... ❌ 无视频
[45/96] 贪婪整合包2... ❌ 无视频
[46/96] Vault Hunters... ❌ 无视频
[47/96] Create: Astral... ❌ 无视频
[48/96] Create: Above and Beyond... ❌ 无视频
[49/96] Fabric 整合包 推荐... ❌ 无视频
[50/96] RLCraft... ❌ 无视频
[51/96] Prominence II... ❌ 无视频
[52/96] Enigmatica 2 Expert... ❌ 无视频
[53/96] 方块宝可梦整合包... ❌ 无视频
[54/96] 恐惧深渊... ❌ 无视频
[55/96] Divine Journey 2... ❌ 无视频
[56/96] Eternal MC2... ❌ 无视频
[57/96] Elysium Days... ❌ 无视频
[58/96] ATM10... ❌ 无视频
[59/96] Cursed Walking... ❌ 无视频
[60/96] 喷气背包猫... ❌ 无视频
[61/96] DawnCraft... ❌ 无视频
[62/96] Chocolate Edition... ❌ 无视频
[63/96] 随机空岛... ❌ 无视频
[64/96] Enigmatica 6... ❌ 无视频
[65/96] 宝可梦整合包... ❌ 无视频
[66/96] Nomifactory... ❌ 无视频
[67/96] SnapScream... ❌ 无视频
[68/96] 龙之冒险新征程V2... ❌ 无视频
[69/96] 勇者之章3... ❌ 无视频
[70/96] 刀剑异闻录... ❌ 无视频
[71/96] 沉浸战斗3.0... ❌ 无视频
[72/96] 魔之逆鳞... ❌ 无视频
[73/96] 殉道之路... ❌ 无视频
[74/96] 远梦之棺2... ❌ 无视频
[75/96] All the Mods 10 - ATM10... ❌ 无视频
[76/96] COBBLEVERSE - Pokemon Adventure... ❌ 无视频
[77/96] DeceasedCraft - Urban Zombie Apocalypse... ❌ 无视频
[78/96] Better MC [FORGE] BMC4... ❌ 无视频
[79/96] All the Mons - ATMons... ❌ 无视频
[80/96] Prominence II: Hasturian Era... ❌ 无视频
[81/96] Cursed Walking - A Modern Zombie Apocalypse... ❌ 无视频
[82/96] NightfallCraft - The Casket of Reveries... ❌ 无视频
[83/96] All the Mods 10: To the Sky... ❌ 无视频
[84/96] Fabulously Optimized... ❌ 无视频
[85/96] Homestead - A Cozy Survival Experience... ❌ 无视频
[86/96] FTB StoneBlock 4... ❌ 无视频
[87/96] DREAD - A Horror Survival Pack... ❌ 无视频
[88/96] HORROR - Into The Backrooms... ❌ 无视频
[89/96] Cisco's Fantasy Medieval RPG [Ultimate]... ❌ 无视频
[90/96] Better MC [NEOFORGE] BMC5... ❌ 无视频
[91/96] All of Create... ❌ 无视频
[92/96] Beyond Depth... ❌ 无视频
[93/96] DawnCraft - Echoes of Legends... ❌ 无视频
[94/96] The Pixelmon Modpack... ❌ 无视频
[95/96] Cave Horror Project... ❌ 无视频
[96/96] Craftoria... ❌ 无视频

Done. 0/96 modpacks have download links.
Cache saved to /home/ftc13/pcl2/data/download_links_cache.json
📦 整合包数据: 48 个
   🎬 B站视频: 48
   📥 下载链接: 22
   🎬 热门视频: 27 个

生成 XAML...
   版本 260522:6cb98b28 | 66479 字符
✓ 完成 — PCL 刷新 http://localhost:8765/Custom.xaml
python3: can't open file '/tmp/cleanup_pcl2.py': [Errno 2] No such file or directory
Deploy done
File: 69027 bytes
warning: adding embedded git repository: ai-website-cloner
hint: You've added another git repository inside your current repository.
hint: Clones of the outer repository will not contain the contents of
hint: the embedded repository and will not know how to obtain it.
hint: If you meant to add a submodule, use:
hint: 
hint: 	git submodule add <url> ai-website-cloner
hint: 
hint: If you added this path by mistake, you can remove it from the
hint: index with:
hint: 
hint: 	git rm --cached ai-website-cloner
hint: 
hint: See "git help submodule" for more information.
